Generated at 2016-11-28 21:46:55 -0600
SystemExit: exit
C:/opscode/chefdk/embedded/lib/ruby/gems/2.3.0/gems/chef-12.16.42-universal-mingw32/lib/chef/application.rb:367:in `exit'
C:/opscode/chefdk/embedded/lib/ruby/gems/2.3.0/gems/chef-12.16.42-universal-mingw32/lib/chef/application.rb:367:in `fatal!'
C:/opscode/chefdk/embedded/lib/ruby/gems/2.3.0/gems/chef-12.16.42-universal-mingw32/lib/chef/application.rb:64:in `block in setup_signal_handlers'
C:/opscode/chefdk/embedded/lib/ruby/gems/2.3.0/gems/wmi-lite-1.0.0/lib/wmi-lite/wmi_instance.rb:38:in `block in wmi_ole_object_to_hash'
C:/opscode/chefdk/embedded/lib/ruby/gems/2.3.0/gems/wmi-lite-1.0.0/lib/wmi-lite/wmi_instance.rb:37:in `each'
C:/opscode/chefdk/embedded/lib/ruby/gems/2.3.0/gems/wmi-lite-1.0.0/lib/wmi-lite/wmi_instance.rb:37:in `wmi_ole_object_to_hash'
C:/opscode/chefdk/embedded/lib/ruby/gems/2.3.0/gems/wmi-lite-1.0.0/lib/wmi-lite/wmi_instance.rb:26:in `initialize'
C:/opscode/chefdk/embedded/lib/ruby/gems/2.3.0/gems/wmi-lite-1.0.0/lib/wmi-lite/wmi.rb:94:in `new'
C:/opscode/chefdk/embedded/lib/ruby/gems/2.3.0/gems/wmi-lite-1.0.0/lib/wmi-lite/wmi.rb:94:in `wmi_result_to_snapshot'
C:/opscode/chefdk/embedded/lib/ruby/gems/2.3.0/gems/wmi-lite-1.0.0/lib/wmi-lite/wmi.rb:56:in `block in query_with_context'
C:/opscode/chefdk/embedded/lib/ruby/gems/2.3.0/gems/wmi-lite-1.0.0/lib/wmi-lite/wmi.rb:55:in `each'
C:/opscode/chefdk/embedded/lib/ruby/gems/2.3.0/gems/wmi-lite-1.0.0/lib/wmi-lite/wmi.rb:55:in `query_with_context'
C:/opscode/chefdk/embedded/lib/ruby/gems/2.3.0/gems/wmi-lite-1.0.0/lib/wmi-lite/wmi.rb:35:in `instances_of'
C:/opscode/chefdk/embedded/lib/ruby/gems/2.3.0/gems/ohai-8.21.0/lib/ohai/plugins/windows/network.rb:43:in `network_data'
C:/opscode/chefdk/embedded/lib/ruby/gems/2.3.0/gems/ohai-8.21.0/lib/ohai/plugins/windows/network.rb:68:in `block (2 levels) in <main>'
C:/opscode/chefdk/embedded/lib/ruby/gems/2.3.0/gems/ohai-8.21.0/lib/ohai/dsl/plugin/versionvii.rb:88:in `instance_eval'
C:/opscode/chefdk/embedded/lib/ruby/gems/2.3.0/gems/ohai-8.21.0/lib/ohai/dsl/plugin/versionvii.rb:88:in `run_plugin'
C:/opscode/chefdk/embedded/lib/ruby/gems/2.3.0/gems/ohai-8.21.0/lib/ohai/dsl/plugin.rb:100:in `run'
C:/opscode/chefdk/embedded/lib/ruby/gems/2.3.0/gems/ohai-8.21.0/lib/ohai/dsl/plugin.rb:173:in `safe_run'
C:/opscode/chefdk/embedded/lib/ruby/gems/2.3.0/gems/ohai-8.21.0/lib/ohai/runner.rb:84:in `run_v7_plugin'
C:/opscode/chefdk/embedded/lib/ruby/gems/2.3.0/gems/ohai-8.21.0/lib/ohai/runner.rb:43:in `run_plugin'
C:/opscode/chefdk/embedded/lib/ruby/gems/2.3.0/gems/ohai-8.21.0/lib/ohai/system.rb:98:in `block in run_plugins'
C:/opscode/chefdk/embedded/lib/ruby/gems/2.3.0/gems/ohai-8.21.0/lib/ohai/system.rb:97:in `each'
C:/opscode/chefdk/embedded/lib/ruby/gems/2.3.0/gems/ohai-8.21.0/lib/ohai/system.rb:97:in `run_plugins'
C:/opscode/chefdk/embedded/lib/ruby/gems/2.3.0/gems/ohai-8.21.0/lib/ohai/system.rb:75:in `all_plugins'
C:/opscode/chefdk/embedded/lib/ruby/gems/2.3.0/gems/chef-12.16.42-universal-mingw32/lib/chef/client.rb:560:in `run_ohai'
C:/opscode/chefdk/embedded/lib/ruby/gems/2.3.0/gems/chef-12.16.42-universal-mingw32/lib/chef/client.rb:264:in `run'
C:/opscode/chefdk/embedded/lib/ruby/gems/2.3.0/gems/chef-12.16.42-universal-mingw32/lib/chef/application.rb:276:in `run_with_graceful_exit_option'
C:/opscode/chefdk/embedded/lib/ruby/gems/2.3.0/gems/chef-12.16.42-universal-mingw32/lib/chef/application.rb:252:in `block in run_chef_client'
C:/opscode/chefdk/embedded/lib/ruby/gems/2.3.0/gems/chef-12.16.42-universal-mingw32/lib/chef/local_mode.rb:44:in `with_server_connectivity'
C:/opscode/chefdk/embedded/lib/ruby/gems/2.3.0/gems/chef-12.16.42-universal-mingw32/lib/chef/application.rb:235:in `run_chef_client'
C:/opscode/chefdk/embedded/lib/ruby/gems/2.3.0/gems/chef-12.16.42-universal-mingw32/lib/chef/application/client.rb:464:in `sleep_then_run_chef_client'
C:/opscode/chefdk/embedded/lib/ruby/gems/2.3.0/gems/chef-12.16.42-universal-mingw32/lib/chef/application/client.rb:451:in `block in interval_run_chef_client'
C:/opscode/chefdk/embedded/lib/ruby/gems/2.3.0/gems/chef-12.16.42-universal-mingw32/lib/chef/application/client.rb:450:in `loop'
C:/opscode/chefdk/embedded/lib/ruby/gems/2.3.0/gems/chef-12.16.42-universal-mingw32/lib/chef/application/client.rb:450:in `interval_run_chef_client'
C:/opscode/chefdk/embedded/lib/ruby/gems/2.3.0/gems/chef-12.16.42-universal-mingw32/lib/chef/application/client.rb:434:in `run_application'
C:/opscode/chefdk/embedded/lib/ruby/gems/2.3.0/gems/chef-12.16.42-universal-mingw32/lib/chef/application.rb:59:in `run'
C:/opscode/chefdk/embedded/lib/ruby/gems/2.3.0/gems/chef-12.16.42-universal-mingw32/bin/chef-client:26:in `<top (required)>'
C:/opscode/chefdk/modules/chef/../../bin/chef-client:69:in `load'
C:/opscode/chefdk/modules/chef/../../bin/chef-client:69:in `<main>'